Hello world, I'm rank 5 of 16 total ranks running on <nid004734>
Hello world, I'm rank 6 of 16 total ranks running on <nid004734>
Hello world, I'm rank 9 of 16 total ranks running on <nid004735>
Hello world, I'm rank 10 of 16 total ranks running on <nid004735>
Hello world, I'm rank 12 of 16 total ranks running on <nid006159>
Hello world, I'm rank 1 of 16 total ranks running on <nid004717>
Hello world, I'm rank 8 of 16 total ranks running on <nid004735>
Hello world, I'm rank 14 of 16 total ranks running on <nid006159>
Hello world, I'm rank 2 of 16 total ranks running on <nid004717>
Hello world, I'm rank 11 of 16 total ranks running on <nid004735>
Hello world, I'm rank 4 of 16 total ranks running on <nid004734>
Hello world, I'm rank 13 of 16 total ranks running on <nid006159>
Hello world, I'm rank 3 of 16 total ranks running on <nid004717>
Hello world, I'm rank 15 of 16 total ranks running on <nid006159>
Hello world, I'm rank 7 of 16 total ranks running on <nid004734>
Hello world, I'm rank 0 of 16 total ranks running on <nid004717>


Timing results from rank 0: 
	Scatter time:	29.7009 (ms) 
	Sobel time:	12.0612 (ms) 
	Gather time:	28.4647 (ms) 
