Hello world, I'm rank 9 of 36 total ranks running on <nid004734>
Hello world, I'm rank 18 of 36 total ranks running on <nid004735>
Hello world, I'm rank 27 of 36 total ranks running on <nid006159>
Hello world, I'm rank 29 of 36 total ranks running on <nid006159>
Hello world, I'm rank 4 of 36 total ranks running on <nid004717>
Hello world, I'm rank 14 of 36 total ranks running on <nid004734>
Hello world, I'm rank 6 of 36 total ranks running on <nid004717>
Hello world, I'm rank 11 of 36 total ranks running on <nid004734>
Hello world, I'm rank 21 of 36 total ranks running on <nid004735>
Hello world, I'm rank 2 of 36 total ranks running on <nid004717>
Hello world, I'm rank 23 of 36 total ranks running on <nid004735>
Hello world, I'm rank 5 of 36 total ranks running on <nid004717>
Hello world, I'm rank 26 of 36 total ranks running on <nid004735>
Hello world, I'm rank 30 of 36 total ranks running on <nid006159>
Hello world, I'm rank 1 of 36 total ranks running on <nid004717>
Hello world, I'm rank 20 of 36 total ranks running on <nid004735>
Hello world, I'm rank 28 of 36 total ranks running on <nid006159>
Hello world, I'm rank 3 of 36 total ranks running on <nid004717>
Hello world, I'm rank 33 of 36 total ranks running on <nid006159>
Hello world, I'm rank 13 of 36 total ranks running on <nid004734>
Hello world, I'm rank 32 of 36 total ranks running on <nid006159>
Hello world, I'm rank 12 of 36 total ranks running on <nid004734>
Hello world, I'm rank 25 of 36 total ranks running on <nid004735>
Hello world, I'm rank 34 of 36 total ranks running on <nid006159>
Hello world, I'm rank 7 of 36 total ranks running on <nid004717>
Hello world, I'm rank 16 of 36 total ranks running on <nid004734>
Hello world, I'm rank 24 of 36 total ranks running on <nid004735>
Hello world, I'm rank 35 of 36 total ranks running on <nid006159>
Hello world, I'm rank 8 of 36 total ranks running on <nid004717>
Hello world, I'm rank 17 of 36 total ranks running on <nid004734>
Hello world, I'm rank 22 of 36 total ranks running on <nid004735>
Hello world, I'm rank 10 of 36 total ranks running on <nid004734>
Hello world, I'm rank 15 of 36 total ranks running on <nid004734>
Hello world, I'm rank 31 of 36 total ranks running on <nid006159>
Hello world, I'm rank 19 of 36 total ranks running on <nid004735>
Hello world, I'm rank 0 of 36 total ranks running on <nid004717>


Timing results from rank 0: 
	Scatter time:	30.3460 (ms) 
	Sobel time:	5.8468 (ms) 
	Gather time:	27.5112 (ms) 
