Hello world, I'm rank 13 of 25 total ranks running on <nid004735>
Hello world, I'm rank 23 of 25 total ranks running on <nid006159>
Hello world, I'm rank 7 of 25 total ranks running on <nid004734>
Hello world, I'm rank 4 of 25 total ranks running on <nid004717>
Hello world, I'm rank 12 of 25 total ranks running on <nid004734>
Hello world, I'm rank 20 of 25 total ranks running on <nid006159>
Hello world, I'm rank 10 of 25 total ranks running on <nid004734>
Hello world, I'm rank 2 of 25 total ranks running on <nid004717>
Hello world, I'm rank 15 of 25 total ranks running on <nid004735>
Hello world, I'm rank 9 of 25 total ranks running on <nid004734>
Hello world, I'm rank 3 of 25 total ranks running on <nid004717>
Hello world, I'm rank 16 of 25 total ranks running on <nid004735>
Hello world, I'm rank 8 of 25 total ranks running on <nid004734>
Hello world, I'm rank 5 of 25 total ranks running on <nid004717>
Hello world, I'm rank 21 of 25 total ranks running on <nid006159>
Hello world, I'm rank 14 of 25 total ranks running on <nid004735>
Hello world, I'm rank 22 of 25 total ranks running on <nid006159>
Hello world, I'm rank 18 of 25 total ranks running on <nid004735>
Hello world, I'm rank 24 of 25 total ranks running on <nid006159>
Hello world, I'm rank 17 of 25 total ranks running on <nid004735>
Hello world, I'm rank 6 of 25 total ranks running on <nid004717>
Hello world, I'm rank 11 of 25 total ranks running on <nid004734>
Hello world, I'm rank 1 of 25 total ranks running on <nid004717>
Hello world, I'm rank 19 of 25 total ranks running on <nid006159>
Hello world, I'm rank 0 of 25 total ranks running on <nid004717>


Timing results from rank 0: 
	Scatter time:	31.2661 (ms) 
	Sobel time:	7.9340 (ms) 
	Gather time:	28.3514 (ms) 
