Hello world, I'm rank 41 of 64 total ranks running on <nid004735>
Hello world, I'm rank 35 of 64 total ranks running on <nid004735>
Hello world, I'm rank 16 of 64 total ranks running on <nid004734>
Hello world, I'm rank 25 of 64 total ranks running on <nid004734>
Hello world, I'm rank 49 of 64 total ranks running on <nid006159>
Hello world, I'm rank 59 of 64 total ranks running on <nid006159>
Hello world, I'm rank 32 of 64 total ranks running on <nid004735>
Hello world, I'm rank 63 of 64 total ranks running on <nid006159>
Hello world, I'm rank 48 of 64 total ranks running on <nid006159>
Hello world, I'm rank 8 of 64 total ranks running on <nid004717>
Hello world, I'm rank 39 of 64 total ranks running on <nid004735>
Hello world, I'm rank 6 of 64 total ranks running on <nid004717>
Hello world, I'm rank 30 of 64 total ranks running on <nid004734>
Hello world, I'm rank 27 of 64 total ranks running on <nid004734>
Hello world, I'm rank 29 of 64 total ranks running on <nid004734>
Hello world, I'm rank 33 of 64 total ranks running on <nid004735>
Hello world, I'm rank 1 of 64 total ranks running on <nid004717>
Hello world, I'm rank 4 of 64 total ranks running on <nid004717>
Hello world, I'm rank 38 of 64 total ranks running on <nid004735>
Hello world, I'm rank 58 of 64 total ranks running on <nid006159>
Hello world, I'm rank 2 of 64 total ranks running on <nid004717>
Hello world, I'm rank 57 of 64 total ranks running on <nid006159>
Hello world, I'm rank 7 of 64 total ranks running on <nid004717>
Hello world, I'm rank 37 of 64 total ranks running on <nid004735>
Hello world, I'm rank 5 of 64 total ranks running on <nid004717>
Hello world, I'm rank 19 of 64 total ranks running on <nid004734>
Hello world, I'm rank 42 of 64 total ranks running on <nid004735>
Hello world, I'm rank 56 of 64 total ranks running on <nid006159>
Hello world, I'm rank 21 of 64 total ranks running on <nid004734>
Hello world, I'm rank 36 of 64 total ranks running on <nid004735>
Hello world, I'm rank 3 of 64 total ranks running on <nid004717>
Hello world, I'm rank 34 of 64 total ranks running on <nid004735>
Hello world, I'm rank 62 of 64 total ranks running on <nid006159>
Hello world, I'm rank 22 of 64 total ranks running on <nid004734>
Hello world, I'm rank 60 of 64 total ranks running on <nid006159>
Hello world, I'm rank 17 of 64 total ranks running on <nid004734>
Hello world, I'm rank 47 of 64 total ranks running on <nid004735>
Hello world, I'm rank 61 of 64 total ranks running on <nid006159>
Hello world, I'm rank 20 of 64 total ranks running on <nid004734>
Hello world, I'm rank 23 of 64 total ranks running on <nid004734>
Hello world, I'm rank 26 of 64 total ranks running on <nid004734>
Hello world, I'm rank 40 of 64 total ranks running on <nid004735>
Hello world, I'm rank 53 of 64 total ranks running on <nid006159>
Hello world, I'm rank 18 of 64 total ranks running on <nid004734>
Hello world, I'm rank 13 of 64 total ranks running on <nid004717>
Hello world, I'm rank 54 of 64 total ranks running on <nid006159>
Hello world, I'm rank 24 of 64 total ranks running on <nid004734>
Hello world, I'm rank 12 of 64 total ranks running on <nid004717>
Hello world, I'm rank 55 of 64 total ranks running on <nid006159>
Hello world, I'm rank 31 of 64 total ranks running on <nid004734>
Hello world, I'm rank 43 of 64 total ranks running on <nid004735>
Hello world, I'm rank 51 of 64 total ranks running on <nid006159>
Hello world, I'm rank 9 of 64 total ranks running on <nid004717>
Hello world, I'm rank 44 of 64 total ranks running on <nid004735>
Hello world, I'm rank 52 of 64 total ranks running on <nid006159>
Hello world, I'm rank 10 of 64 total ranks running on <nid004717>
Hello world, I'm rank 46 of 64 total ranks running on <nid004735>
Hello world, I'm rank 11 of 64 total ranks running on <nid004717>
Hello world, I'm rank 15 of 64 total ranks running on <nid004717>
Hello world, I'm rank 0 of 64 total ranks running on <nid004717>


Timing results from rank 0: 
	Scatter time:	35.6901 (ms) 
	Sobel time:	3.2738 (ms) 
	Gather time:	27.1462 (ms) 
Hello world, I'm rank 14 of 64 total ranks running on <nid004717>
Hello world, I'm rank 50 of 64 total ranks running on <nid006159>
Hello world, I'm rank 28 of 64 total ranks running on <nid004734>
Hello world, I'm rank 45 of 64 total ranks running on <nid004735>
