Hello world, I'm rank 41 of 81 total ranks running on <nid004735>
Hello world, I'm rank 24 of 81 total ranks running on <nid004734>
Hello world, I'm rank 61 of 81 total ranks running on <nid006159>
Hello world, I'm rank 21 of 81 total ranks running on <nid004734>
Hello world, I'm rank 69 of 81 total ranks running on <nid006159>
Hello world, I'm rank 64 of 81 total ranks running on <nid006159>
Hello world, I'm rank 49 of 81 total ranks running on <nid004735>
Hello world, I'm rank 33 of 81 total ranks running on <nid004734>
Hello world, I'm rank 44 of 81 total ranks running on <nid004735>
Hello world, I'm rank 25 of 81 total ranks running on <nid004734>
Hello world, I'm rank 58 of 81 total ranks running on <nid004735>
Hello world, I'm rank 4 of 81 total ranks running on <nid004717>
Hello world, I'm rank 47 of 81 total ranks running on <nid004735>
Hello world, I'm rank 14 of 81 total ranks running on <nid004717>
Hello world, I'm rank 62 of 81 total ranks running on <nid006159>
Hello world, I'm rank 38 of 81 total ranks running on <nid004734>
Hello world, I'm rank 12 of 81 total ranks running on <nid004717>
Hello world, I'm rank 6 of 81 total ranks running on <nid004717>
Hello world, I'm rank 70 of 81 total ranks running on <nid006159>
Hello world, I'm rank 10 of 81 total ranks running on <nid004717>
Hello world, I'm rank 26 of 81 total ranks running on <nid004734>
Hello world, I'm rank 29 of 81 total ranks running on <nid004734>
Hello world, I'm rank 74 of 81 total ranks running on <nid006159>
Hello world, I'm rank 80 of 81 total ranks running on <nid006159>
Hello world, I'm rank 45 of 81 total ranks running on <nid004735>
Hello world, I'm rank 22 of 81 total ranks running on <nid004734>
Hello world, I'm rank 67 of 81 total ranks running on <nid006159>
Hello world, I'm rank 54 of 81 total ranks running on <nid004735>
Hello world, I'm rank 59 of 81 total ranks running on <nid004735>
Hello world, I'm rank 28 of 81 total ranks running on <nid004734>
Hello world, I'm rank 42 of 81 total ranks running on <nid004735>
Hello world, I'm rank 2 of 81 total ranks running on <nid004717>
Hello world, I'm rank 5 of 81 total ranks running on <nid004717>
Hello world, I'm rank 78 of 81 total ranks running on <nid006159>
Hello world, I'm rank 34 of 81 total ranks running on <nid004734>
Hello world, I'm rank 15 of 81 total ranks running on <nid004717>
Hello world, I'm rank 40 of 81 total ranks running on <nid004734>
Hello world, I'm rank 8 of 81 total ranks running on <nid004717>
Hello world, I'm rank 31 of 81 total ranks running on <nid004734>
Hello world, I'm rank 65 of 81 total ranks running on <nid006159>
Hello world, I'm rank 50 of 81 total ranks running on <nid004735>
Hello world, I'm rank 36 of 81 total ranks running on <nid004734>
Hello world, I'm rank 68 of 81 total ranks running on <nid006159>
Hello world, I'm rank 3 of 81 total ranks running on <nid004717>
Hello world, I'm rank 77 of 81 total ranks running on <nid006159>
Hello world, I'm rank 55 of 81 total ranks running on <nid004735>
Hello world, I'm rank 79 of 81 total ranks running on <nid006159>
Hello world, I'm rank 51 of 81 total ranks running on <nid004735>
Hello world, I'm rank 35 of 81 total ranks running on <nid004734>
Hello world, I'm rank 11 of 81 total ranks running on <nid004717>
Hello world, I'm rank 71 of 81 total ranks running on <nid006159>
Hello world, I'm rank 60 of 81 total ranks running on <nid004735>
Hello world, I'm rank 75 of 81 total ranks running on <nid006159>
Hello world, I'm rank 66 of 81 total ranks running on <nid006159>
Hello world, I'm rank 46 of 81 total ranks running on <nid004735>
Hello world, I'm rank 39 of 81 total ranks running on <nid004734>
Hello world, I'm rank 53 of 81 total ranks running on <nid004735>
Hello world, I'm rank 30 of 81 total ranks running on <nid004734>
Hello world, I'm rank 52 of 81 total ranks running on <nid004735>
Hello world, I'm rank 37 of 81 total ranks running on <nid004734>
Hello world, I'm rank 63 of 81 total ranks running on <nid006159>
Hello world, I'm rank 43 of 81 total ranks running on <nid004735>
Hello world, I'm rank 76 of 81 total ranks running on <nid006159>
Hello world, I'm rank 7 of 81 total ranks running on <nid004717>
Hello world, I'm rank 72 of 81 total ranks running on <nid006159>
Hello world, I'm rank 23 of 81 total ranks running on <nid004734>
Hello world, I'm rank 13 of 81 total ranks running on <nid004717>
Hello world, I'm rank 48 of 81 total ranks running on <nid004735>
Hello world, I'm rank 32 of 81 total ranks running on <nid004734>
Hello world, I'm rank 20 of 81 total ranks running on <nid004717>
Hello world, I'm rank 57 of 81 total ranks running on <nid004735>
Hello world, I'm rank 17 of 81 total ranks running on <nid004717>
Hello world, I'm rank 9 of 81 total ranks running on <nid004717>
Hello world, I'm rank 18 of 81 total ranks running on <nid004717>
Hello world, I'm rank 19 of 81 total ranks running on <nid004717>
Hello world, I'm rank 1 of 81 total ranks running on <nid004717>
Hello world, I'm rank 0 of 81 total ranks running on <nid004717>


Timing results from rank 0: 
	Scatter time:	36.4184 (ms) 
	Sobel time:	4.6901 (ms) 
	Gather time:	27.7808 (ms) 
Hello world, I'm rank 27 of 81 total ranks running on <nid004734>
Hello world, I'm rank 73 of 81 total ranks running on <nid006159>
Hello world, I'm rank 56 of 81 total ranks running on <nid004735>
Hello world, I'm rank 16 of 81 total ranks running on <nid004717>
