Hello world, I'm rank 38 of 49 total ranks running on <nid006159>
Hello world, I'm rank 26 of 49 total ranks running on <nid004735>
Hello world, I'm rank 15 of 49 total ranks running on <nid004734>
Hello world, I'm rank 13 of 49 total ranks running on <nid004734>
Hello world, I'm rank 25 of 49 total ranks running on <nid004735>
Hello world, I'm rank 28 of 49 total ranks running on <nid004735>
Hello world, I'm rank 3 of 49 total ranks running on <nid004717>
Hello world, I'm rank 47 of 49 total ranks running on <nid006159>
Hello world, I'm rank 4 of 49 total ranks running on <nid004717>
Hello world, I'm rank 32 of 49 total ranks running on <nid004735>
Hello world, I'm rank 17 of 49 total ranks running on <nid004734>
Hello world, I'm rank 46 of 49 total ranks running on <nid006159>
Hello world, I'm rank 9 of 49 total ranks running on <nid004717>
Hello world, I'm rank 33 of 49 total ranks running on <nid004735>
Hello world, I'm rank 18 of 49 total ranks running on <nid004734>
Hello world, I'm rank 40 of 49 total ranks running on <nid006159>
Hello world, I'm rank 16 of 49 total ranks running on <nid004734>
Hello world, I'm rank 44 of 49 total ranks running on <nid006159>
Hello world, I'm rank 23 of 49 total ranks running on <nid004734>
Hello world, I'm rank 30 of 49 total ranks running on <nid004735>
Hello world, I'm rank 21 of 49 total ranks running on <nid004734>
Hello world, I'm rank 29 of 49 total ranks running on <nid004735>
Hello world, I'm rank 20 of 49 total ranks running on <nid004734>
Hello world, I'm rank 43 of 49 total ranks running on <nid006159>
Hello world, I'm rank 8 of 49 total ranks running on <nid004717>
Hello world, I'm rank 34 of 49 total ranks running on <nid004735>
Hello world, I'm rank 22 of 49 total ranks running on <nid004734>
Hello world, I'm rank 37 of 49 total ranks running on <nid006159>
Hello world, I'm rank 35 of 49 total ranks running on <nid004735>
Hello world, I'm rank 24 of 49 total ranks running on <nid004734>
Hello world, I'm rank 27 of 49 total ranks running on <nid004735>
Hello world, I'm rank 1 of 49 total ranks running on <nid004717>
Hello world, I'm rank 31 of 49 total ranks running on <nid004735>
Hello world, I'm rank 42 of 49 total ranks running on <nid006159>
Hello world, I'm rank 7 of 49 total ranks running on <nid004717>
Hello world, I'm rank 19 of 49 total ranks running on <nid004734>
Hello world, I'm rank 11 of 49 total ranks running on <nid004717>
Hello world, I'm rank 2 of 49 total ranks running on <nid004717>
Hello world, I'm rank 39 of 49 total ranks running on <nid006159>
Hello world, I'm rank 5 of 49 total ranks running on <nid004717>
Hello world, I'm rank 41 of 49 total ranks running on <nid006159>
Hello world, I'm rank 10 of 49 total ranks running on <nid004717>
Hello world, I'm rank 45 of 49 total ranks running on <nid006159>
Hello world, I'm rank 12 of 49 total ranks running on <nid004717>
Hello world, I'm rank 14 of 49 total ranks running on <nid004734>
Hello world, I'm rank 48 of 49 total ranks running on <nid006159>
Hello world, I'm rank 0 of 49 total ranks running on <nid004717>


Timing results from rank 0: 
	Scatter time:	34.0407 (ms) 
	Sobel time:	4.1478 (ms) 
	Gather time:	26.8552 (ms) 
Hello world, I'm rank 36 of 49 total ranks running on <nid004735>
Hello world, I'm rank 6 of 49 total ranks running on <nid004717>
